Library/Bee/Android/Prj/Mono2x/Gradle/unityLibrary/build/outputs/logs/manifest-merger-debug-report.txt
-- Merging decision tree log ---
manifest
ADDED from src\main\AndroidManifest.xml:2:1-22:12
INJECTED from src\main\AndroidManifest.xml:2:1-22:12
INJECTED from src\main\AndroidManifest.xml:2:1-22:12
	package
		ADDED from src\main\AndroidManifest.xml:2:70-98
		INJECTED from src\main\AndroidManifest.xml
		INJECTED from src\main\AndroidManifest.xml
	xmlns:tools
		ADDED from src\main\AndroidManifest.xml:2:99-145
	xmlns:android
		ADDED from src\main\AndroidManifest.xml:2:11-69
uses-permission#android.permission.INTERNET
ADDED from src\main\AndroidManifest.xml:3:3-65
	android:name
		ADDED from src\main\AndroidManifest.xml:3:20-62
uses-feature#0x00030000
ADDED from src\main\AndroidManifest.xml:4:3-52
	android:glEsVersion
		ADDED from src\main\AndroidManifest.xml:4:17-49
uses-feature#android.hardware.vulkan.version
ADDED from src\main\AndroidManifest.xml:5:3-91
	android:required
		ADDED from src\main\AndroidManifest.xml:5:64-88
	android:name
		ADDED from src\main\AndroidManifest.xml:5:17-63
uses-feature#android.hardware.touchscreen
ADDED from src\main\AndroidManifest.xml:6:3-88
	android:required
		ADDED from src\main\AndroidManifest.xml:6:61-85
	android:name
		ADDED from src\main\AndroidManifest.xml:6:17-60
uses-feature#android.hardware.touchscreen.multitouch
ADDED from src\main\AndroidManifest.xml:7:3-99
	android:required
		ADDED from src\main\AndroidManifest.xml:7:72-96
	android:name
		ADDED from src\main\AndroidManifest.xml:7:17-71
uses-feature#android.hardware.touchscreen.multitouch.distinct
ADDED from src\main\AndroidManifest.xml:8:3-108
	android:required
		ADDED from src\main\AndroidManifest.xml:8:81-105
	android:name
		ADDED from src\main\AndroidManifest.xml:8:17-80
application
ADDED from src\main\AndroidManifest.xml:9:3-21:17
	android:extractNativeLibs
		ADDED from src\main\AndroidManifest.xml:9:16-48
meta-data#unity.splash-mode
ADDED from src\main\AndroidManifest.xml:10:5-69
	android:value
		ADDED from src\main\AndroidManifest.xml:10:49-66
	android:name
		ADDED from src\main\AndroidManifest.xml:10:16-48
meta-data#unity.splash-enable
ADDED from src\main\AndroidManifest.xml:11:5-74
	android:value
		ADDED from src\main\AndroidManifest.xml:11:51-71
	android:name
		ADDED from src\main\AndroidManifest.xml:11:16-50
meta-data#unity.launch-fullscreen
ADDED from src\main\AndroidManifest.xml:12:5-78
	android:value
		ADDED from src\main\AndroidManifest.xml:12:55-75
	android:name
		ADDED from src\main\AndroidManifest.xml:12:16-54
meta-data#unity.auto-report-fully-drawn
ADDED from src\main\AndroidManifest.xml:13:5-84
	android:value
		ADDED from src\main\AndroidManifest.xml:13:61-81
	android:name
		ADDED from src\main\AndroidManifest.xml:13:16-60
activity#com.unity3d.player.UnityPlayerActivity
ADDED from src\main\AndroidManifest.xml:14:5-20:16
	android:screenOrientation
		ADDED from src\main\AndroidManifest.xml:14:111-151
	android:launchMode
		ADDED from src\main\AndroidManifest.xml:14:152-183
	android:hardwareAccelerated
		ADDED from src\main\AndroidManifest.xml:14:401-436
	android:exported
		ADDED from src\main\AndroidManifest.xml:14:437-460
	android:resizeableActivity
		ADDED from src\main\AndroidManifest.xml:14:366-400
	android:configChanges
		ADDED from src\main\AndroidManifest.xml:14:184-365
	android:theme
		ADDED from src\main\AndroidManifest.xml:14:69-110
	android:name
		ADDED from src\main\AndroidManifest.xml:14:15-68
intent-filter#action:name:android.intent.action.MAIN+category:name:android.intent.category.LAUNCHER
ADDED from src\main\AndroidManifest.xml:15:7-18:23
category#android.intent.category.LAUNCHER
ADDED from src\main\AndroidManifest.xml:16:9-69
	android:name
		ADDED from src\main\AndroidManifest.xml:16:19-66
action#android.intent.action.MAIN
ADDED from src\main\AndroidManifest.xml:17:9-61
	android:name
		ADDED from src\main\AndroidManifest.xml:17:17-58
meta-data#unityplayer.UnityActivity
ADDED from src\main\AndroidManifest.xml:19:7-82
	android:value
		ADDED from src\main\AndroidManifest.xml:19:59-79
	android:name
		ADDED from src\main\AndroidManifest.xml:19:18-58
uses-sdk
INJECTED from src\main\AndroidManifest.xml reason: use-sdk injection requested
INJECTED from src\main\AndroidManifest.xml
INJECTED from src\main\AndroidManifest.xml
INJECTED from src\main\AndroidManifest.xml
INJECTED from src\main\AndroidManifest.xml
	android:targetSdkVersion
		INJECTED from src\main\AndroidManifest.xml
		ADDED from src\main\AndroidManifest.xml
		INJECTED from src\main\AndroidManifest.xml
	android:minSdkVersion
		INJECTED from src\main\AndroidManifest.xml
		ADDED from src\main\AndroidManifest.xml
		INJECTED from src\main\AndroidManifest.xml